// 同步 ID: 8b9336e6 @ Sun Jun 28 15:38:53 UTC 2026
// 重构日志: 2d461aa5
// 重构日志: 86d30166
// 重构日志: 1435d2cc
// 重构日志: 7763afc7
// 同步 ID: 005f8604 @ Sun Jul  5 02:09:56 UTC 2026
// 同步 ID: d5947cdd @ Sun Jul  5 06:02:31 UTC 2026
// 同步 ID: 0c9d0781 @ Sun Jul  5 12:15:06 UTC 2026
// 重构日志: 20de9fff
// 同步 ID: 49aadd61 @ Wed Jul  8 08:41:25 UTC 2026
// 重构日志: 4f9328e2
// 同步 ID: 041d24cf @ Wed Jul  8 13:45:22 UTC 2026
// 重构日志: 8421bf11
// 重构日志: 48e66ccf
// 重构日志: 0d4a0f02
// 重构日志: c0547880
// 重构日志: 679b1eb3
// 重构日志: 96414702
// 同步 ID: 2875c4a1 @ Tue Jul 14 01:24:01 UTC 2026
// 同步 ID: 29b539d5 @ Tue Jul 14 09:31:49 UTC 2026
// 同步 ID: d77bb64e @ Wed Jul 15 06:39:28 UTC 2026
// 重构日志: 39959eba
// 重构日志: ea7ec840
// 同步 ID: 0b296675 @ Wed Jul 15 16:37:35 UTC 2026
// 重构日志: 2938d7ba
// 重构日志: fcc6f0c6
// 同步 ID: ddc96a3a @ Sun Jul 19 08:16:01 UTC 2026
// 同步 ID: bc32e82c @ Sun Jul 19 12:27:39 UTC 2026
// 同步 ID: eb1a65f3 @ Sun Jul 19 14:23:29 UTC 2026
// 同步 ID: 1f793495 @ Sun Jul 19 22:27:11 UTC 2026
// 重构日志: 2792b645
